 alsa-base
 alsa-utils
 aspell
 aspell-en
 autoconf
 automake
 autopoint
 autotools-dev
 ax25-node
 bashdb
 binutils
 bison
 blt
 build-essential
 consolekit
 cpp
 cpp-4.8
 cpp-4.9
 dbus-x11
 dconf-gsettings-backend
 dconf-service
 ddd
 dictionaries-common
 docbook-xml
 docbook-xsl
 dpkg-dev
 enchant
 fakeroot
 fontconfig
 fontconfig-config
 fonts-dejavu-core
 g++
 g++-4.8
 gcc
 gcc-4.8
 gcc-4.9
 gcc-7-base
 gccgo
 gccgo-4.9
 gccgo-go
 gdb
 gettext
 git
 git-man
 glib-networking
 glib-networking-common
 glib-networking-services
 golang-go
 golang-go-linux-amd64
 golang-src
 gparted
 gsettings-desktop-schemas
 gstreamer0.10-pulseaudio
 gstreamer1.0-alsa
 gstreamer1.0-plugins-base
 gstreamer1.0-plugins-good
 gstreamer1.0-x
 gyp
 hicolor-icon-theme
 hunspell-en-us
 icoutils
 indent
 javascript-common
 kate-data
 katepart
 kdelibs5-data
 kdelibs5-plugins
 kdelibs-bin
 kde-runtime
 kde-runtime-data
 kdoctools
 kubuntu-debug-installer
 lam-runtime
 language-pack-en
 language-pack-en-base
 leafpad
 libaa1
 libalgorithm-diff-perl
 libalgorithm-diff-xs-perl
 libalgorithm-merge-perl
 libamd2.3.1
 libasan0
 libasan1
 libasound2
 libasound2-data
 libasound2-plugins
 libaspell15
 libasprintf-dev
 libasyncns0
 libatasmart4
 libatk1.0-0
 libatk1.0-data
 libatkmm-1.6-1
 libatomic1
 libattica0.4
 libaudio2
 libaudio2
 libauthen-sasl-perl
 libavahi-client3
 libavahi-common3
 libavahi-common-data
 libavc1394-0
 libax25
 libbaloocore4
 libbaloofiles4
 libbalooxapian4
 libbison-dev
 libblas3
 libc6-dbg
 libc6-dev
 libcaca0
 libcairo2
 libcairo-gobject2
 libcairomm-1.0-1
 libcamd2.3.1
 libcanberra0
 libcanberra-pulse
 libc-ares2
 libc-ares-dev
 libccolamd2.8.0
 libc-dev-bin
 libcdparanoia0
 libcholmod2.1.2
 libcilkrts5
 libcloog-isl4
 libclucene-core1
 libcroco3
 libctemplate2
 libcups2
 libcupsfilters1
 libcupsimage2
 libdatrie1
 libdbd-mysql-perl
 libdbi-perl
 libdbusmenu-qt2
 libdconf1
 libdlrestrictions1
 libdpkg-perl
 libdrm-intel1
 libdrm-nouveau2
 libdrm-radeon1
 libdumbnet1
 libdv4
 libenchant1c2a
 libencode-locale-perl
 libepub0
 liberror-perl
 libexiv2-12
 libexpat1-dev
 libfakeroot
 libfftw3-single3
 libfile-basedir-perl
 libfile-copy-recursive-perl
 libfile-desktopentry-perl
 libfile-fcntllock-perl
 libfile-listing-perl
 libfile-mimeinfo-perl
 libflac8
 libfont-afm-perl
 libfontconfig1
 libfontenc1
 libgcc-4.8-dev
 libgcc-4.9-dev
 libgdk-pixbuf2.0-0
 libgdk-pixbuf2.0-common
 libgettextpo0
 libgettextpo-dev
 libgif4
 libgl1-mesa-dri
 libgl1-mesa-glx
 libgl2ps0
 libglapi-mesa
 libglibmm-2.4-1c2a
 libglu1-mesa
 libgmp10
 libgo5
 libgomp1
 libgraphite2-3
 libgs9
 libgs9-common
 libgstreamer0.10-0
 libgstreamer1.0-0
 libgstreamer-plugins-base0.10-0
 libgstreamer-plugins-base1.0-0
 libgstreamer-plugins-good1.0-0
 libgtk2.0-0
 libgtk2.0-bin
 libgtk2.0-common
 libgtkmm-2.4-1c2a
 libgudev-1.0-0
 libharfbuzz0b
 libhdf5-7
 libhtml-format-perl
 libhtml-form-perl
 libhtml-parser-perl
 libhtml-tagset-perl
 libhtml-tree-perl
 libhttp-cookies-perl
 libhttp-daemon-perl
 libhttp-date-perl
 libhttp-message-perl
 libhttp-negotiate-perl
 libhunspell-1.3-0
 libhwloc-dev
 libibverbs1
 libibverbs-dev
 libice6
 libiec61883-0
 libijs-0.35
 libilmbase6
 libimobiledevice4
 libio-html-perl
 libio-socket-inet6-perl
 libio-socket-ssl-perl
 libisl10
 libisl15
 libitm1
 libjack-jackd2-0
 libjasper1
 libjbig0
 libjbig2dec0
 libjpeg8
 libjpeg-turbo8
 libjs-node-uuid
 libjs-sphinxdoc
 libjs-underscore
 libkactivities6
 libkactivities-bin
 libkactivities-models1
 libkatepartinterfaces4
 libkcmutils4
 libkde3support4
 libkdeclarative5
 libkdecore5
 libkdesu5
 libkdeui5
 libkdewebkit5
 libkdnssd4
 libkemoticons4
 libkexiv2-11
 libkexiv2-data
 libkfile4
 libkhtml5
 libkidletime4
 libkio5
 libkjsapi4
 libkjsembed4
 libkmediaplayer4
 libknewstuff3-4
 libknotifyconfig4
 libkntlm4
 libkparts4
 libkprintutils4
 libkpty4
 libkrosscore4
 libkscreen1
 libktexteditor4
 libkubuntu0
 libkxmlrpcclient4
 liblam4
 liblapack3
 liblcms2-2
 libldb1
 liblinear1
 liblinear-tools
 libllvm3.4
 liblsan0
 libltdl7
 libltdl-dev
 liblwp-mediatypes-perl
 liblwp-protocol-https-perl
 libmailtools-perl
 libmhash2
 libmotif-common
 libmpc3
 libmpfr4
 libmrm4
 libmysqlclient18
 libmysqlclient18
 libmysqlcppconn7
 libmysql-java
 libnepomuk4
 libnepomukcleaner4
 libnepomukcore4abi1
 libnepomukquery4a
 libnepomukutils4
 libnetcdfc++4
 libnetcdfc7
 libnet-http-perl
 libnet-smtp-ssl-perl
 libnet-ssleay-perl
 libnl-3-200
 libnl-route-3-200
 libntrack0
 libntrack-qt4-1
 libodbc1
 libogg0
 libokularcore4
 libopenexr6
 libopenmpi1.6
 libopenmpi-dev
 liborc-0.4-0
 libpam-ck-connector
 libpango-1.0-0
 libpangocairo-1.0-0
 libpangoft2-1.0-0
 libpangomm-1.4-1
 libpaper1
 libpaper-utils
 libpciaccess0
 libpci-dev
 libphonon4
 libpixman-1-0
 libplasma3
 libplist1
 libpolkit-qt-1-1
 libpoppler44
 libpoppler-qt4-4
 libpq5
 libproxy1
 libpulse0
 libpulsedsp
 libpulse-mainloop-glib0
 libpython2.7-dev
 libpython3.4
 libpython3.4-dev
 libpython3-all-dev
 libpython3-dev
 libpython-all-dev
 libpython-dev
 libqapt2
 libqapt2-runtime
 libqca2
 libqimageblitz4
 libqjson0
 libqmobipocket1
 libqt4-dbus
 libqt4-declarative
 libqt4-declarative
 libqt4-designer
 libqt4-network
 libqt4-network
 libqt4-opengl
 libqt4-qt3support
 libqt4-script
 libqt4-script
 libqt4-sql
 libqt4-sql
 libqt4-sql-mysql
 libqt4-sql-mysql
 libqt4-svg
 libqt4-xml
 libqt4-xml
 libqt4-xmlpatterns
 libqt4-xmlpatterns
 libqtcore4
 libqtcore4
 libqtdbus4
 libqtdbus4
 libqtgui4
 libqtgui4
 libqtwebkit4
 libquadmath0
 libraptor2-0
 librasqal3
 libraw1394-11
 librdf0
 libsamplerate0
 libshout3
 libsm6
 libsmbclient
 libsndfile1
 libsocket6-perl
 libsolid4
 libsoprano4
 libsoup2.4-1
 libspectre1
 libspeex1
 libspeexdsp1
 libssh-4
 libssl-dev
 libssl-dev
 libssl-doc
 libssl-doc
 libstdc++-4.8-dev
 libstreamanalyzer0
 libstreams0
 libtag1c2a
 libtag1-vanilla
 libtalloc2
 libtcl8.6
 libtdb1
 libterm-readkey-perl
 libtevent0
 libthai0
 libthai-data
 libtheora0
 libthreadweaver4
 libtiff5
 libtinyxml2.6.2
 libtk8.6
 libtool
 libtorque2
 libtsan0
 libtxc-dxtn-s2tc0
 libubsan0
 libudisks2-0
 libuil4
 libumfpack5.6.2
 libunistring0
 libupower-glib1
 liburi-perl
 libusbmuxd2
 libutempter0
 libv4l-0
 libv4lconvert0
 libv8-3.14.5
 libv8-3.14-dev
 libvirtodbc0
 libvisual-0.4-0
 libvisual-0.4-plugins
 libvorbis0a
 libvorbisenc2
 libvorbisfile3
 libvpx1
 libvsqlitepp3
 libvtk5.8
 libwavpack1
 libwbclient0
 libwebp5
 libwireshark5
 libwiretap4
 libwsutil4
 libwww-perl
 libwww-robotrules-perl
 libx11-xcb1
 libxaw7
 libxcb-dri2-0
 libxcb-dri3-0
 libxcb-glx0
 libxcb-present0
 libxcb-randr0
 libxcb-render0
 libxcb-shape0
 libxcb-shm0
 libxcb-sync1
 libxcomposite1
 libxcursor1
 libxdamage1
 libxfixes3
 libxft2
 libxi6
 libxinerama1
 libxm4
 libxml2-utils
 libxmpi4
 libxmpi4-dev
 libxmu6
 libxpm4
 libxrandr2
 libxrender1
 libxshmfence1
 libxslt1.1
 libxss1
 libxt6
 libxtst6
 libxv1
 libxxf86dga1
 libxxf86vm1
 libyajl2
 libzip2
 libzip2
 linux-generic-lts-xenial
 linux-headers-3.16.0-77
 linux-headers-3.16.0-77-generic
 linux-headers-4.4.0-103
 linux-headers-4.4.0-103-generic
 linux-headers-4.4.0-104
 linux-headers-4.4.0-104-generic
 linux-headers-4.4.0-75
 linux-headers-4.4.0-75-generic
 linux-image-3.16.0-77-generic
 linux-image-4.4.0-103-generic
 linux-image-4.4.0-104-generic
 linux-image-4.4.0-75-generic
 linux-image-extra-3.16.0-77-generic
 linux-image-extra-4.4.0-103-generic
 linux-image-extra-4.4.0-104-generic
 linux-image-extra-4.4.0-75-generic
 linux-image-generic-lts-xenial
 linux-libc-dev
 linux-sound-base
 m4
 make
 manpages-dev
 mpi-default-bin
 mysql-client
 mysql-client-5.5
 mysql-client-core-5.5
 mysql-common
 mysql-common
 mysql-utilities
 mysql-workbench
 mysql-workbench-data
 nepomuk-core-data
 nepomuk-core-runtime
 nmap
 node
 node-abbrev
 node-ansi
 node-archy
 node-async
 node-block-stream
 node-combined-stream
 node-cookie-jar
 node-delayed-stream
 node-forever-agent
 node-form-data
 node-fstream
 node-fstream-ignore
 node-github-url-from-git
 node-glob
 node-graceful-fs
 node-gyp
 node-inherits
 node-ini
 nodejs
 nodejs-dev
 node-json-stringify-safe
 node-lockfile
 node-lru-cache
 node-mime
 node-minimatch
 node-mkdirp
 node-mute-stream
 node-node-uuid
 node-nopt
 node-normalize-package-data
 node-npmlog
 node-once
 node-osenv
 node-qs
 node-read
 node-read-package-json
 node-request
 node-retry
 node-rimraf
 node-semver
 node-sha
 node-sigmund
 node-slide
 node-tar
 node-tunnel-agent
 node-which
 npm
 ntrack-module-libnl-0
 odbcinst
 odbcinst1debian2
 okular
 openbsd-inetd
 openmpi-bin
 openmpi-common
 openmpi-doc
 openmpipython
 open-vm-tools
 oxygen-icon-theme
 p7zip-full
 patool
 phonon
 phonon-backend-gstreamer
 phonon-backend-gstreamer1.0
 phonon-backend-gstreamer-common
 plasma-scriptengine-javascript
 polkit-kde-1
 poppler-data
 pulseaudio
 pulseaudio-module-x11
 pulseaudio-utils
 pyro
 python2.7-dev
 python2.7-dev
 python3.4-dev
 python3-all
 python3-all-dev
 python3-chardet
 python3-colorama
 python3-decorator
 python3-dev
 python3-distlib
 python3-html5lib
 python3-mpi4py
 python3-numpy
 python3-pip
 python3-pkg-resources
 python3-requests
 python3-scipy
 python3-setuptools
 python3-six
 python3-urllib3
 python3-wheel
 python-all
 python-all-dev
 python-chardet-whl
 python-chardet-whl
 python-colorama
 python-colorama
 python-colorama-whl
 python-colorama-whl
 python-dateutil
 python-decorator
 python-dev
 python-dev
 python-distlib
 python-distlib
 python-distlib-whl
 python-distlib-whl
 python-glade2
 python-gnuplot
 python-html5lib
 python-html5lib
 python-html5lib-whl
 python-html5lib-whl
 python-matplotlib
 python-matplotlib-data
 python-mpi
 python-mpi4py
 python-mpi4py-doc
 python-mysql.connector
 python-netcdf
 python-numpy
 python-paramiko
 python-pip
 python-pip
 python-pip-whl
 python-pip-whl
 python-pmw
 python-pyodbc
 python-pyparsing
 python-pyx
 python-requests-whl
 python-requests-whl
 python-scientific
 python-scipy
 python-scitools
 python-setuptools
 python-setuptools
 python-setuptools-whl
 python-setuptools-whl
 python-six-whl
 python-six-whl
 python-support
 python-support
 python-support
 python-talloc
 python-tk
 python-tk
 python-tz
 python-urllib3-whl
 python-urllib3-whl
 python-vtk
 python-wheel
 python-wheel
 qapt-batch
 qdbus
 qtchooser
 qtcore4-l10n
 qtcore4-l10n
 rtkit
 samba-libs
 sgml-data
 shared-desktop-ontologies
 soprano-daemon
 sound-theme-freedesktop
 tcl-vtk
 thermald
 ttf-bitstream-vera
 ttf-dejavu-core
 udisks2
 unzip
 update-inetd
 upower
 usbmuxd
 valgrind
 virtuoso-minimal
 virtuoso-opensource-6.1-bin
 virtuoso-opensource-6.1-common
 wdiff
 x11-common
 x11-utils
 x11-xserver-utils
 xdg-utils
 zerofree
 zlib1g-dev
