v:\comporgproject\workspace\workspace\debug\vc120.pdb
v:\comporgproject\workspace\workspace\debug\decryptdata_initial.cod
v:\comporgproject\workspace\workspace\debug\decryptdata_initial.obj
v:\comporgproject\workspace\workspace\debug\vc120.idb
v:\comporgproject\workspace\workspace\debug\encryptdata_initial.cod
v:\comporgproject\workspace\workspace\debug\encryptdata_initial.obj
v:\comporgproject\workspace\workspace\debug\cryptomain_initial.obj
v:\comporgproject\workspace\workspace\debug\cryptomain_initial.cod
v:\comporgproject\workspace\debug\team_14_project_00.ilk
v:\comporgproject\workspace\debug\team_14_project_00.exe
v:\comporgproject\workspace\debug\team_14_project_00.pdb
v:\comporgproject\workspace\workspace\debug\sha-256.obj
v:\comporgproject\workspace\workspace\debug\team_14_.5195b04a.tlog\cl.command.1.tlog
v:\comporgproject\workspace\workspace\debug\team_14_.5195b04a.tlog\cl.read.1.tlog
v:\comporgproject\workspace\workspace\debug\team_14_.5195b04a.tlog\cl.read.2.tlog
v:\comporgproject\workspace\workspace\debug\team_14_.5195b04a.tlog\cl.read.3.tlog
v:\comporgproject\workspace\workspace\debug\team_14_.5195b04a.tlog\cl.read.4.tlog
v:\comporgproject\workspace\workspace\debug\team_14_.5195b04a.tlog\cl.read.5.tlog
v:\comporgproject\workspace\workspace\debug\team_14_.5195b04a.tlog\cl.write.1.tlog
v:\comporgproject\workspace\workspace\debug\team_14_.5195b04a.tlog\link.command.1.tlog
v:\comporgproject\workspace\workspace\debug\team_14_.5195b04a.tlog\link.read.1.tlog
v:\comporgproject\workspace\workspace\debug\team_14_.5195b04a.tlog\link.write.1.tlog
